<?xml version="1.0" encoding="UTF-8"?>
<!-- Generated by org.testng.reporters.JUnitXMLReporter -->
<testsuite hostname="Naveens-MacBook-Air.local" ignored="0" name="Default test" tests="3" failures="0" timestamp="24 Sep 2017 18:48:52 GMT" time="24.817" errors="0">
  <testcase name="loginPageTitleTest" time="0.063" classname="com.crm.qa.testcases.LoginPageTest"/>
  <testcase name="crmLogoImageTest" time="0.116" classname="com.crm.qa.testcases.LoginPageTest"/>
  <testcase name="loginTest" time="7.164" classname="com.crm.qa.testcases.LoginPageTest"/>
</testsuite> <!-- Default test -->
