<?xml version="1.0" encoding="UTF-8"?>
<!-- Generated by org.testng.reporters.JUnitXMLReporter -->
<testsuite hostname="Naveens-MacBook-Air.local" ignored="0" name="testGuru" tests="3" failures="0" timestamp="26 Sep 2017 10:59:01 GMT" time="18.657" errors="0">
  <testcase name="executeSessionTwo" time="4.568" classname="com.crm.qa.testcases.TestMultipleSession"/>
  <testcase name="executSessionThree" time="18.531" classname="com.crm.qa.testcases.TestMultipleSession"/>
  <testcase name="executSessionOne" time="18.63" classname="com.crm.qa.testcases.TestMultipleSession"/>
</testsuite> <!-- testGuru -->
